<?xml version="1.0" encoding="UTF-8"?>
<dataset>
  <Symbol id="1" name="MSFT"/>
  <Symbol id="2" name="GOOG" />
</dataset>